<?xml version="1.0" encoding="UTF-8"?>
<!-- Generated by org.testng.reporters.JUnitReportReporter -->
<testsuite hostname="XHLT0115" name="GitHub.gittest.MyTest" tests="1" failures="0" timestamp="24 Dec 2018 07:05:18 GMT" time="22.389" errors="0">
  <testcase name="open" time="22.389" classname="GitHub.gittest.MyTest"/>
</testsuite> <!-- GitHub.gittest.MyTest -->
